<?xml version="1.0" encoding="UTF-8"?>
<!-- Generated by org.testng.reporters.JUnitReportReporter -->
<testsuite hostname="LAPTOP-HUQV5SK7" failures="0" tests="1" name="TestCases.TC002_AccountLogin" time="3.009" errors="0" timestamp="2025-02-27T15:34:48 EST" skipped="0">
  <testcase classname="TestCases.TC002_AccountLogin" name="verifyLogin" time="3.009"/>
</testsuite> <!-- TestCases.TC002_AccountLogin -->
