<?xml version="1.0" encoding="UTF-8"?>
<!-- Generated by org.testng.reporters.JUnitReportReporter -->
<testsuite hostname="LAPTOP-HUQV5SK7" failures="0" tests="7" name="TestCases.TC003_AccountLoginDDT" time="13.909" errors="0" timestamp="2025-03-06T14:38:06 EST" skipped="0">
  <testcase classname="TestCases.TC003_AccountLoginDDT" name="accountLoginDD" time="1.527"/>
  <testcase classname="TestCases.TC003_AccountLoginDDT" name="accountLoginDD" time="1.783"/>
  <testcase classname="TestCases.TC003_AccountLoginDDT" name="accountLoginDD" time="1.798"/>
  <testcase classname="TestCases.TC003_AccountLoginDDT" name="accountLoginDD" time="1.812"/>
  <testcase classname="TestCases.TC003_AccountLoginDDT" name="accountLoginDD" time="2.621"/>
  <testcase classname="TestCases.TC003_AccountLoginDDT" name="clickMyAccountLink" time="2.712"/>
  <testcase classname="TestCases.TC003_AccountLoginDDT" name="accountLoginDD" time="1.656"/>
</testsuite> <!-- TestCases.TC003_AccountLoginDDT -->
