<?xml version="1.0" encoding="UTF-8"?>
<!-- Generated by org.testng.reporters.JUnitReportReporter -->
<testsuite hostname="LAPTOP-HUQV5SK7" failures="0" tests="1" name="TestCases.TC004_SearchByItem" time="0.897" errors="0" timestamp="2025-03-06T14:38:06 EST" skipped="0">
  <testcase classname="TestCases.TC004_SearchByItem" name="searchItem" time="0.897"/>
</testsuite> <!-- TestCases.TC004_SearchByItem -->
