<?xml version="1.0" encoding="UTF-8"?>
<!-- Generated by org.testng.reporters.JUnitReportReporter -->
<testsuite hostname="LAPTOP-HUQV5SK7" failures="0" tests="7" name="TestCases.TC003_AccountLoginDDT" time="16.590" errors="0" timestamp="2025-02-27T15:34:48 EST" skipped="0">
  <testcase classname="TestCases.TC003_AccountLoginDDT" name="accountLoginDD" time="1.611"/>
  <testcase classname="TestCases.TC003_AccountLoginDDT" name="accountLoginDD" time="3.063"/>
  <testcase classname="TestCases.TC003_AccountLoginDDT" name="accountLoginDD" time="1.923"/>
  <testcase classname="TestCases.TC003_AccountLoginDDT" name="accountLoginDD" time="2.137"/>
  <testcase classname="TestCases.TC003_AccountLoginDDT" name="accountLoginDD" time="3.147"/>
  <testcase classname="TestCases.TC003_AccountLoginDDT" name="clickMyAccountLink" time="2.625"/>
  <testcase classname="TestCases.TC003_AccountLoginDDT" name="accountLoginDD" time="2.084"/>
</testsuite> <!-- TestCases.TC003_AccountLoginDDT -->
