<?xml version="1.0" encoding="UTF-8"?>
<!-- Generated by org.testng.reporters.JUnitReportReporter -->
<testsuite hostname="LAPTOP-HUQV5SK7" failures="0" tests="1" name="TestCases.TC001_AccountRegistrationTest" time="5.370" errors="0" timestamp="2025-02-27T15:42:02 EST" skipped="0">
  <testcase classname="TestCases.TC001_AccountRegistrationTest" name="verifyAccountRegistration" time="5.370"/>
</testsuite> <!-- TestCases.TC001_AccountRegistrationTest -->
