<?xml version="1.0" encoding="UTF-8"?>
<!-- Generated by org.testng.reporters.JUnitReportReporter -->
<testsuite hostname="LAPTOP-HUQV5SK7" failures="0" tests="7" name="TestCases.TC003_AccountLoginDDT" time="15.605" errors="0" timestamp="2025-02-27T15:42:02 EST" skipped="0">
  <testcase classname="TestCases.TC003_AccountLoginDDT" name="accountLoginDD" time="2.097"/>
  <testcase classname="TestCases.TC003_AccountLoginDDT" name="clickMyAccountLink" time="2.567"/>
  <testcase classname="TestCases.TC003_AccountLoginDDT" name="accountLoginDD" time="2.091"/>
  <testcase classname="TestCases.TC003_AccountLoginDDT" name="accountLoginDD" time="3.221"/>
  <testcase classname="TestCases.TC003_AccountLoginDDT" name="accountLoginDD" time="2.092"/>
  <testcase classname="TestCases.TC003_AccountLoginDDT" name="accountLoginDD" time="1.564"/>
  <testcase classname="TestCases.TC003_AccountLoginDDT" name="accountLoginDD" time="1.973"/>
</testsuite> <!-- TestCases.TC003_AccountLoginDDT -->
